[2025-03-20 13:33:31] Creati 2 giocatori.
[2025-03-20 13:33:32] Tocca a Franco
[2025-03-20 13:33:35] Franco lancia il dado: 4
[2025-03-20 13:33:35] Franco si trova su una casella normale (index 4).
[2025-03-20 13:33:35] Tocca a 
[2025-03-20 13:33:45]  abbandona la partita.
[2025-03-20 13:34:23] Creati 2 giocatori.
[2025-03-20 13:34:23] Tocca a Franco
[2025-03-20 13:34:26] Franco lancia il dado: 5
[2025-03-20 13:34:26] Franco si trova su una casella normale (index 5).
[2025-03-20 13:34:26] Tocca a Marco
[2025-03-20 13:34:26] Marco lancia il dado: 6
[2025-03-20 13:34:26] Marco si trova su una casella normale (index 6).
[2025-03-20 13:34:26] Tocca a Franco
[2025-03-20 13:34:42] Franco lancia il dado: 5
[2025-03-20 13:34:42] Franco si trova su una casella normale (index 10).
[2025-03-20 13:34:42] Tocca a Marco
[2025-03-20 13:34:42] Marco lancia il dado: 3
[2025-03-20 13:34:42] Marco si trova su una casella normale (index 9).
[2025-03-20 13:34:42] Tocca a Franco
[2025-03-20 13:35:01] Franco lancia il dado: 6
[2025-03-20 13:35:01] Franco entra nella Locanda e rimane fermo 1 turno.
[2025-03-20 13:35:01] Tocca a Marco
[2025-03-20 13:35:01] Marco lancia il dado: 5
[2025-03-20 13:35:01] Marco finisce su MorraSquare e sfida Franco alla Morra.
[2025-03-20 13:35:22] Franco vince e scambia la posizione con Marco
[2025-03-20 13:35:22] Tocca a Franco
[2025-03-20 13:35:47] Franco è bloccato. Turno saltato.
[2025-03-20 13:35:47] Tocca a Marco
[2025-03-20 13:35:47] Marco lancia il dado: 2
[2025-03-20 13:35:47] Marco finisce su TrisSquare e sfida Franco a Tris.
[2025-03-20 13:35:47] Marco vince e scambia la posizione con Franco
[2025-03-20 13:35:47] Tocca a Franco
[2025-03-20 13:35:52] Franco lancia il dado: 2
[2025-03-20 13:35:52] Franco finisce su TrisSquare e sfida Marco a Tris.
[2025-03-20 13:35:52] La sfida Tris finisce in pareggio! Posizioni inalterate.
[2025-03-20 13:35:52] Tocca a Marco
[2025-03-20 13:35:52] Marco lancia il dado: 3
[2025-03-20 13:35:52] Marco si trova su una casella normale (index 17).
[2025-03-20 13:35:52] Tocca a Franco
[2025-03-20 13:36:02] Franco lancia il dado: 1
[2025-03-20 13:36:02] Franco si trova su una casella normale (index 19).
[2025-03-20 13:36:02] Franco ha vinto la partita!
[2025-03-20 13:37:01] Creati 3 giocatori.
[2025-03-20 13:37:01] Tocca a f
[2025-03-20 13:37:01] f lancia il dado: 6
[2025-03-20 13:37:01] f si trova su una casella normale (index 6).
[2025-03-20 13:37:01] Tocca a n
[2025-03-20 13:37:01] n lancia il dado: 4
[2025-03-20 13:37:01] n si trova su una casella normale (index 4).
[2025-03-20 13:37:01] Tocca a m
[2025-03-20 13:37:01] m lancia il dado: 5
[2025-03-20 13:37:01] m si trova su una casella normale (index 5).
[2025-03-20 13:37:01] Tocca a f
[2025-03-20 13:37:01] f lancia il dado: 6
[2025-03-20 13:37:01] f si trova su una casella normale (index 12).
[2025-03-20 13:37:01] Tocca a n
[2025-03-20 13:37:01] n lancia il dado: 6
[2025-03-20 13:37:01] n entra nella Locanda e rimane fermo 1 turno.
[2025-03-20 13:37:01] Tocca a m
[2025-03-20 13:37:01] m lancia il dado: 3
[2025-03-20 13:37:01] m finisce su MorraSquare e sfida f alla Morra.
[2025-03-20 13:37:01] f vince e scambia la posizione con m
[2025-03-20 13:37:01] Tocca a f
[2025-03-20 13:37:01] f lancia il dado: 4
[2025-03-20 13:37:01] f si trova su una casella normale (index 12).
[2025-03-20 13:37:01] Tocca a n
[2025-03-20 13:37:01] n è bloccato. Turno saltato.
[2025-03-20 13:37:01] Tocca a m
[2025-03-20 13:37:01] m lancia il dado: 1
[2025-03-20 13:37:01] m si trova su una casella normale (index 13).
[2025-03-20 13:37:01] Tocca a f
[2025-03-20 13:37:01] f lancia il dado: 3
[2025-03-20 13:37:01] f si trova su una casella normale (index 15).
[2025-03-20 13:37:01] Tocca a n
[2025-03-20 13:37:01] n lancia il dado: 6
[2025-03-20 13:37:01] n si trova su una casella normale (index 16).
[2025-03-20 13:37:01] Tocca a m
[2025-03-20 13:37:01] m lancia il dado: 4
[2025-03-20 13:37:01] m si trova su una casella normale (index 17).
[2025-03-20 13:37:01] Tocca a f
[2025-03-20 13:37:01] f lancia il dado: 1
[2025-03-20 13:37:01] f si trova su una casella normale (index 16).
[2025-03-20 13:37:01] Tocca a n
[2025-03-20 13:37:01] n lancia il dado: 2
[2025-03-20 13:37:01] n si trova su una casella normale (index 18).
[2025-03-20 13:37:01] Tocca a m
[2025-03-20 13:37:01] m lancia il dado: 2
[2025-03-20 13:37:01] m si trova su una casella normale (index 19).
[2025-03-20 13:37:01] m ha vinto la partita!
[2025-03-20 13:37:33] Creati 3 giocatori.
[2025-03-20 13:37:33] Tocca a f
[2025-03-20 13:37:37] f lancia il dado: 3
[2025-03-20 13:37:37] f si trova su una casella normale (index 3).
[2025-03-20 13:37:37] Tocca a m
[2025-03-20 13:37:37] m lancia il dado: 1
[2025-03-20 13:37:37] m si trova su una casella normale (index 1).
[2025-03-20 13:37:37] Tocca a o
[2025-03-20 13:37:43] o lancia il dado: 5
[2025-03-20 13:37:43] o si trova su una casella normale (index 5).
[2025-03-20 13:37:43] Tocca a f
[2025-03-20 13:37:52] f lancia il dado: 4
[2025-03-20 13:37:52] f finisce su MorraSquare e sfida m alla Morra.
[2025-03-20 13:38:04] m vince e scambia la posizione con f
[2025-03-20 13:38:04] Tocca a m
[2025-03-20 13:38:04] m lancia il dado: 1
[2025-03-20 13:38:04] m finisce su TrisSquare e sfida f a Tris.
[2025-03-20 13:38:04] f vince e scambia la posizione con m
[2025-03-20 13:38:04] Tocca a o
[2025-03-20 13:38:50] o abbandona la partita.
[2025-03-20 13:39:00] Creati 2 giocatori.
[2025-03-20 13:39:00] Tocca a m
[2025-03-20 13:39:03] m lancia il dado: 3
[2025-03-20 13:39:03] m si trova su una casella normale (index 3).
[2025-03-20 13:39:03] Tocca a f
[2025-03-20 13:39:06] f lancia il dado: 2
[2025-03-20 13:39:06] f si trova su una casella normale (index 2).
[2025-03-20 13:39:06] Tocca a m
[2025-03-20 13:39:08] m lancia il dado: 5
[2025-03-20 13:39:08] m finisce su TrisSquare e sfida f a Tris.
[2025-03-20 13:39:08] La sfida Tris finisce in pareggio! Posizioni inalterate.
[2025-03-20 13:39:08] Tocca a f
[2025-03-20 13:39:10] f lancia il dado: 2
[2025-03-20 13:39:10] f si trova su una casella normale (index 4).
[2025-03-20 13:39:10] Tocca a m
[2025-03-20 13:39:12] m lancia il dado: 3
[2025-03-20 13:39:12] m entra nella Locanda e rimane fermo 1 turno.
[2025-03-20 13:39:12] Tocca a f
[2025-03-20 13:39:14] f lancia il dado: 4
[2025-03-20 13:39:14] f finisce su TrisSquare e sfida m a Tris.
[2025-03-20 13:39:14] f vince e scambia la posizione con m
[2025-03-20 13:39:14] Tocca a m
[2025-03-20 13:39:16] m è bloccato. Turno saltato.
[2025-03-20 13:39:16] Tocca a f
[2025-03-20 13:39:18] f lancia il dado: 3
[2025-03-20 13:39:18] f si trova su una casella normale (index 14).
[2025-03-20 13:39:18] Tocca a m
[2025-03-20 13:39:20] m lancia il dado: 2
[2025-03-20 13:39:20] m si trova su una casella normale (index 10).
[2025-03-20 13:39:20] Tocca a f
[2025-03-20 13:39:22] f lancia il dado: 4
[2025-03-20 13:39:22] f si trova su una casella normale (index 18).
[2025-03-20 13:39:22] Tocca a m
[2025-03-20 13:39:23] m lancia il dado: 4
[2025-03-20 13:39:23] m si trova su una casella normale (index 14).
[2025-03-20 13:39:23] Tocca a f
[2025-03-20 13:39:25] f lancia il dado: 2
[2025-03-20 13:39:25] f si trova su una casella normale (index 18).
[2025-03-20 13:39:25] Tocca a m
[2025-03-20 13:39:27] m lancia il dado: 5
[2025-03-20 13:39:27] m si trova su una casella normale (index 19).
[2025-03-20 13:39:27] m ha vinto la partita!
[2025-03-20 13:39:46] Creati 2 giocatori.
[2025-03-20 13:39:46] Tocca a n
[2025-03-20 13:39:48] n abbandona la partita.
[2025-03-20 13:40:03] Creati 2 giocatori.
[2025-03-20 13:40:03] Tocca a m
[2025-03-20 13:40:05] m lancia il dado: 1
[2025-03-20 13:40:05] m finisce su TrisSquare e sfida j a Tris.
[2025-03-20 13:40:05] La sfida Tris finisce in pareggio! Posizioni inalterate.
[2025-03-20 13:40:05] Tocca a j
[2025-03-20 13:40:08] j lancia il dado: 2
[2025-03-20 13:40:08] j si trova su una casella normale (index 2).
[2025-03-20 13:40:08] Tocca a m
[2025-03-20 13:40:11] m lancia il dado: 4
[2025-03-20 13:40:11] m si trova su una casella normale (index 5).
[2025-03-20 13:40:11] Tocca a j
[2025-03-20 13:40:13] j lancia il dado: 3
[2025-03-20 13:40:13] j si trova su una casella normale (index 5).
[2025-03-20 13:40:13] Tocca a m
[2025-03-20 13:40:15] m lancia il dado: 6
[2025-03-20 13:40:15] m si trova su una casella normale (index 11).
[2025-03-20 13:40:15] Tocca a j
[2025-03-20 13:40:17] j lancia il dado: 1
[2025-03-20 13:40:17] j si trova su una casella normale (index 6).
[2025-03-20 13:40:17] Tocca a m
[2025-03-20 13:40:19] m lancia il dado: 3
[2025-03-20 13:40:19] m si trova su una casella normale (index 14).
[2025-03-20 13:40:19] Tocca a j
[2025-03-20 13:40:20] j lancia il dado: 1
[2025-03-20 13:40:20] j si trova su una casella normale (index 7).
[2025-03-20 13:40:20] Tocca a m
[2025-03-20 13:40:22] m lancia il dado: 6
[2025-03-20 13:40:22] m si trova su una casella normale (index 18).
[2025-03-20 13:40:22] Tocca a j
[2025-03-20 13:40:24] j lancia il dado: 3
[2025-03-20 13:40:24] j finisce su TrisSquare e sfida m a Tris.
[2025-03-20 13:40:24] La sfida Tris finisce in pareggio! Posizioni inalterate.
[2025-03-20 13:40:24] Tocca a m
[2025-03-20 13:40:26] m lancia il dado: 2
[2025-03-20 13:40:26] m si trova su una casella normale (index 18).
[2025-03-20 13:40:26] Tocca a j
[2025-03-20 13:40:27] j lancia il dado: 4
[2025-03-20 13:40:27] j si trova su una casella normale (index 14).
[2025-03-20 13:40:27] Tocca a m
[2025-03-20 13:40:29] m lancia il dado: 4
[2025-03-20 13:40:29] m si trova su una casella normale (index 16).
[2025-03-20 13:40:29] Tocca a j
[2025-03-20 13:40:31] j lancia il dado: 4
[2025-03-20 13:40:31] j si trova su una casella normale (index 18).
[2025-03-20 13:40:31] Tocca a m
[2025-03-20 13:40:33] m lancia il dado: 3
[2025-03-20 13:40:33] m si trova su una casella normale (index 19).
[2025-03-20 13:40:33] m ha vinto la partita!
[2025-03-20 13:40:43] Creati 2 giocatori.
[2025-03-20 13:40:43] Tocca a k
[2025-03-20 13:40:43] Tocca a 
[2025-03-20 13:40:45] Tocca a k
[2025-03-20 13:40:45] Tocca a 
[2025-03-20 13:40:46] Tocca a k
[2025-03-20 13:40:46] Tocca a 
[2025-03-20 13:40:46] Tocca a k
[2025-03-20 13:40:46] Tocca a 
[2025-03-20 13:40:46] Tocca a k
[2025-03-20 13:40:47] Tocca a 
[2025-03-20 13:40:47] Tocca a k
[2025-03-20 13:40:48] k abbandona la partita.
[2025-03-20 13:40:55] Creati 2 giocatori.
[2025-03-20 13:40:55] Tocca a 
[2025-03-20 13:40:55] Tocca a 
[2025-03-20 13:40:56]  abbandona la partita.
[2025-03-20 13:41:28] Creati 3 giocatori.
[2025-03-20 13:41:28] Tocca a g
[2025-03-20 13:41:30] g lancia il dado: 6
[2025-03-20 13:41:30] g entra nella Locanda e rimane fermo 1 turno.
[2025-03-20 13:41:30] Tocca a h
[2025-03-20 13:41:40] h lancia il dado: 4
[2025-03-20 13:41:40] h si trova su una casella normale (index 4).
[2025-03-20 13:41:40] Tocca a k
[2025-03-20 13:41:45] k lancia il dado: 1
[2025-03-20 13:41:45] k si trova su una casella normale (index 1).
[2025-03-20 13:41:45] Tocca a g
[2025-03-20 13:41:48] g è bloccato. Turno saltato.
[2025-03-20 13:41:48] Tocca a h
[2025-03-20 13:41:52] h lancia il dado: 2
[2025-03-20 13:41:52] h entra nella Locanda e rimane fermo 1 turno.
[2025-03-20 13:41:52] Tocca a k
[2025-03-20 13:41:55] k lancia il dado: 2
[2025-03-20 13:41:55] k si trova su una casella normale (index 3).
[2025-03-20 13:41:55] Tocca a g
[2025-03-20 13:42:00] g lancia il dado: 4
[2025-03-20 13:42:00] g finisce su MorraSquare e sfida k alla Morra.
[2025-03-20 13:42:49] g vince e scambia la posizione con k
[2025-03-20 13:42:49] Tocca a h
[2025-03-20 13:46:28] h è bloccato. Turno saltato.
[2025-03-20 13:46:28] Tocca a k
[2025-03-20 13:46:32] k lancia il dado: 6
[2025-03-20 13:46:32] k si trova su una casella normale (index 16).
[2025-03-20 13:46:32] Tocca a g
[2025-03-20 13:46:34] g lancia il dado: 6
[2025-03-20 13:46:34] g finisce su TrisSquare e sfida k a Tris.
[2025-03-20 13:46:34] La sfida Tris finisce in pareggio! Posizioni inalterate.
[2025-03-20 13:46:34] Tocca a h
[2025-03-20 13:46:36] h lancia il dado: 1
[2025-03-20 13:46:36] h finisce su TrisSquare e sfida k a Tris.
[2025-03-20 13:46:36] La sfida Tris finisce in pareggio! Posizioni inalterate.
[2025-03-20 13:46:36] Tocca a k
[2025-03-20 13:46:38] k lancia il dado: 4
[2025-03-20 13:46:38] k si trova su una casella normale (index 18).
[2025-03-20 13:46:38] Tocca a g
[2025-03-20 13:46:40] g lancia il dado: 3
[2025-03-20 13:46:40] g si trova su una casella normale (index 12).
[2025-03-20 13:46:40] Tocca a h
[2025-03-20 13:46:42] h lancia il dado: 4
[2025-03-20 13:46:42] h finisce su TrisSquare e sfida k a Tris.
[2025-03-20 13:46:42] h vince e scambia la posizione con k
[2025-03-20 13:46:42] Tocca a k
[2025-03-20 13:46:43] k lancia il dado: 6
[2025-03-20 13:46:43] k entra nella Locanda e rimane fermo 1 turno.
[2025-03-20 13:46:43] Tocca a g
[2025-03-20 13:46:45] g lancia il dado: 1
[2025-03-20 13:46:45] g si trova su una casella normale (index 13).
[2025-03-20 13:46:45] Tocca a h
[2025-03-20 13:46:47] h lancia il dado: 1
[2025-03-20 13:46:47] h si trova su una casella normale (index 19).
[2025-03-20 13:46:47] h ha vinto la partita!
[2025-03-20 13:47:01] Creati 4 giocatori.
[2025-03-20 13:47:01] Tocca a h
[2025-03-20 13:47:03] h lancia il dado: 1
[2025-03-20 13:47:03] h si trova su una casella normale (index 1).
[2025-03-20 13:47:03] Tocca a j
[2025-03-20 13:47:05] j lancia il dado: 6
[2025-03-20 13:47:05] j si trova su una casella normale (index 6).
[2025-03-20 13:47:05] Tocca a k
[2025-03-20 13:47:06] k lancia il dado: 4
[2025-03-20 13:47:06] k finisce su TrisSquare e sfida j a Tris.
[2025-03-20 13:47:06] k vince e scambia la posizione con j
[2025-03-20 13:47:06] Tocca a l
[2025-03-20 13:47:08] l lancia il dado: 1
[2025-03-20 13:47:08] l si trova su una casella normale (index 1).
[2025-03-20 13:47:08] Tocca a h
[2025-03-20 13:47:09] h lancia il dado: 3
[2025-03-20 13:47:09] h finisce su TrisSquare e sfida k a Tris.
[2025-03-20 13:47:09] k vince e scambia la posizione con h
[2025-03-20 13:47:09] Tocca a j
[2025-03-20 13:47:11] j lancia il dado: 3
[2025-03-20 13:47:11] j si trova su una casella normale (index 7).
[2025-03-20 13:47:11] Tocca a k
[2025-03-20 13:47:11] Tocca a l
[2025-03-20 13:47:14] l lancia il dado: 5
[2025-03-20 13:47:14] l si trova su una casella normale (index 6).
[2025-03-20 13:47:14] Tocca a h
[2025-03-20 13:47:19] h lancia il dado: 1
[2025-03-20 13:47:19] h si trova su una casella normale (index 7).
[2025-03-20 13:47:19] Tocca a j
[2025-03-20 13:47:21] j lancia il dado: 5
[2025-03-20 13:47:21] j si trova su una casella normale (index 12).
[2025-03-20 13:47:21] Tocca a k
[2025-03-20 13:47:22] k lancia il dado: 5
[2025-03-20 13:47:22] k finisce su TrisSquare e sfida j a Tris.
[2025-03-20 13:47:22] k vince e scambia la posizione con j
[2025-03-20 13:47:22] Tocca a l
[2025-03-20 13:47:24] l lancia il dado: 5
[2025-03-20 13:47:24] l si trova su una casella normale (index 11).
[2025-03-20 13:47:24] Tocca a h
[2025-03-20 13:47:25] h lancia il dado: 3
[2025-03-20 13:47:25] h si trova su una casella normale (index 10).
[2025-03-20 13:47:25] Tocca a j
[2025-03-20 13:47:27] j lancia il dado: 6
[2025-03-20 13:47:27] j entra nella Locanda e rimane fermo 1 turno.
[2025-03-20 13:47:27] Tocca a k
[2025-03-20 13:47:28] k lancia il dado: 3
[2025-03-20 13:47:28] k entra nella Locanda e rimane fermo 1 turno.
[2025-03-20 13:47:28] Tocca a l
[2025-03-20 13:47:30] l lancia il dado: 2
[2025-03-20 13:47:30] l si trova su una casella normale (index 13).
[2025-03-20 13:47:30] Tocca a h
[2025-03-20 13:47:31] h lancia il dado: 3
[2025-03-20 13:47:31] h si trova su una casella normale (index 13).
[2025-03-20 13:47:31] Tocca a j
[2025-03-20 13:47:33] j è bloccato. Turno saltato.
[2025-03-20 13:47:33] Tocca a k
[2025-03-20 13:47:34] k è bloccato. Turno saltato.
[2025-03-20 13:47:34] Tocca a l
[2025-03-20 13:47:36] l lancia il dado: 3
[2025-03-20 13:47:36] l si trova su una casella normale (index 16).
[2025-03-20 13:47:36] Tocca a h
[2025-03-20 13:47:37] h lancia il dado: 2
[2025-03-20 13:47:37] h entra nella Locanda e rimane fermo 1 turno.
[2025-03-20 13:47:37] Tocca a j
[2025-03-20 13:47:38] j lancia il dado: 6
[2025-03-20 13:47:38] j si trova su una casella normale (index 17).
[2025-03-20 13:47:38] Tocca a k
[2025-03-20 13:47:40] k lancia il dado: 4
[2025-03-20 13:47:40] k si trova su una casella normale (index 19).
[2025-03-20 13:47:40] k ha vinto la partita!
[2025-03-20 13:48:07] Creati 6 giocatori.
[2025-03-20 13:48:07] Tocca a f
[2025-03-20 13:48:10] f lancia il dado: 6
[2025-03-20 13:48:10] f si trova su una casella normale (index 6).
[2025-03-20 13:48:10] Tocca a g
[2025-03-20 13:48:11] g lancia il dado: 5
[2025-03-20 13:48:11] g si trova su una casella normale (index 5).
[2025-03-20 13:48:11] Tocca a h
[2025-03-20 13:48:14] h lancia il dado: 4
[2025-03-20 13:48:14] h si trova su una casella normale (index 4).
[2025-03-20 13:48:14] Tocca a j
[2025-03-20 13:48:18] j lancia il dado: 3
[2025-03-20 13:48:18] j si trova su una casella normale (index 3).
[2025-03-20 13:48:18] Tocca a k
[2025-03-20 13:48:19] k lancia il dado: 2
[2025-03-20 13:48:19] k si trova su una casella normale (index 2).
[2025-03-20 13:48:19] Tocca a l
[2025-03-20 13:48:21] l lancia il dado: 3
[2025-03-20 13:48:21] l si trova su una casella normale (index 3).
[2025-03-20 13:48:21] Tocca a f
[2025-03-20 13:48:27] f lancia il dado: 1
[2025-03-20 13:48:27] f si trova su una casella normale (index 7).
[2025-03-20 13:48:27] Tocca a g
[2025-03-20 13:48:29] g lancia il dado: 6
[2025-03-20 13:48:29] g si trova su una casella normale (index 11).
[2025-03-20 13:48:29] Tocca a h
[2025-03-20 13:48:30] h lancia il dado: 1
[2025-03-20 13:48:30] h si trova su una casella normale (index 5).
[2025-03-20 13:48:30] Tocca a j
[2025-03-20 13:48:32] j lancia il dado: 5
[2025-03-20 13:48:32] j si trova su una casella normale (index 8).
[2025-03-20 13:48:32] Tocca a k
[2025-03-20 13:48:33] k lancia il dado: 3
[2025-03-20 13:48:33] k si trova su una casella normale (index 5).
[2025-03-20 13:48:33] Tocca a l
[2025-03-20 13:48:35] l lancia il dado: 5
[2025-03-20 13:48:35] l si trova su una casella normale (index 8).
[2025-03-20 13:48:35] Tocca a f
[2025-03-20 13:48:36] f lancia il dado: 1
[2025-03-20 13:48:36] f si trova su una casella normale (index 8).
[2025-03-20 13:48:36] Tocca a g
[2025-03-20 13:48:38] g lancia il dado: 2
[2025-03-20 13:48:38] g finisce su TrisSquare e sfida h a Tris.
[2025-03-20 13:48:38] La sfida Tris finisce in pareggio! Posizioni inalterate.
[2025-03-20 13:48:38] Tocca a h
[2025-03-20 13:49:01] h lancia il dado: 1
[2025-03-20 13:49:01] h si trova su una casella normale (index 6).
[2025-03-20 13:49:01] Tocca a j
[2025-03-20 13:49:04] j lancia il dado: 5
[2025-03-20 13:49:04] j finisce su TrisSquare e sfida k a Tris.
[2025-03-20 13:49:04] k vince e scambia la posizione con j
[2025-03-20 13:49:04] Tocca a k
[2025-03-20 13:49:07] k lancia il dado: 1
[2025-03-20 13:49:07] k si trova su una casella normale (index 14).
[2025-03-20 13:49:07] Tocca a l
[2025-03-20 13:49:09] l lancia il dado: 3
[2025-03-20 13:49:09] l si trova su una casella normale (index 11).
[2025-03-20 13:49:09] Tocca a f
[2025-03-20 13:49:11] f lancia il dado: 1
[2025-03-20 13:49:11] f si trova su una casella normale (index 9).
[2025-03-20 13:49:11] Tocca a g
[2025-03-20 13:49:13] Tocca a h
[2025-03-20 14:21:53] Creati 3 giocatori.
[2025-03-20 14:21:53] Tocca a Franco
[2025-03-20 14:21:57] Franco lancia il dado: 1
[2025-03-20 14:21:57] Franco si trova su una casella normale (index 1).
[2025-03-20 14:21:57] Tocca a Marco
[2025-03-20 14:22:03] Marco lancia il dado: 4
[2025-03-20 14:22:03] Marco finisce su MorraSquare e sfida Gio alla Morra.
[2025-03-20 14:23:40] Marco vince e scambia la posizione con Gio
[2025-03-20 14:23:40] Tocca a Gio
[2025-03-20 14:24:28] Gio lancia il dado: 4
[2025-03-20 14:24:28] Gio si trova su una casella normale (index 8).
[2025-03-20 14:24:28] Tocca a Franco
[2025-03-20 14:24:30] Franco lancia il dado: 4
[2025-03-20 14:24:30] Franco entra nella Locanda e rimane fermo 1 turno.
[2025-03-20 14:24:30] Tocca a Marco
[2025-03-20 14:24:32] Marco lancia il dado: 2
[2025-03-20 14:24:32] Marco si trova su una casella normale (index 2).
[2025-03-20 14:24:32] Tocca a Gio
[2025-03-20 14:24:34] Gio lancia il dado: 1
[2025-03-20 14:24:34] Gio finisce su MorraSquare e sfida Marco alla Morra.
[2025-03-20 14:24:43] Marco vince e scambia la posizione con Gio
[2025-03-20 14:24:43] Tocca a Franco
[2025-03-20 14:25:10] Franco è bloccato. Turno saltato.
[2025-03-20 14:25:10] Tocca a Marco
[2025-03-20 14:25:12] Marco lancia il dado: 5
[2025-03-20 14:25:12] Marco si trova su una casella normale (index 14).
[2025-03-20 14:25:12] Tocca a Gio
[2025-03-20 14:25:14] Gio lancia il dado: 6
[2025-03-20 14:25:14] Gio si trova su una casella normale (index 8).
[2025-03-20 14:25:14] Tocca a Franco
[2025-03-20 14:25:15] Franco lancia il dado: 1
[2025-03-20 14:25:15] Franco si trova su una casella normale (index 6).
[2025-03-20 14:25:15] Tocca a Marco
[2025-03-20 14:25:17] Marco lancia il dado: 2
[2025-03-20 14:25:17] Marco si trova su una casella normale (index 16).
[2025-03-20 14:25:17] Tocca a Gio
[2025-03-20 14:25:19] Gio lancia il dado: 1
[2025-03-20 14:25:19] Gio finisce su MorraSquare e sfida Franco alla Morra.
[2025-03-20 14:25:36] Franco vince e scambia la posizione con Gio
[2025-03-20 14:25:36] Tocca a Franco
[2025-03-20 14:25:42] Franco lancia il dado: 4
[2025-03-20 14:25:42] Franco si trova su una casella normale (index 13).
[2025-03-20 14:25:42] Tocca a Marco
[2025-03-20 14:25:45] Marco lancia il dado: 6
[2025-03-20 14:25:45] Marco si trova su una casella normale (index 16).
[2025-03-20 14:25:45] Tocca a Gio
[2025-03-20 14:25:47] Gio lancia il dado: 4
[2025-03-20 14:25:47] Gio entra nella Locanda e rimane fermo 1 turno.
[2025-03-20 14:25:47] Tocca a Franco
[2025-03-20 14:25:48] Franco lancia il dado: 1
[2025-03-20 14:25:48] Franco si trova su una casella normale (index 14).
[2025-03-20 14:25:48] Tocca a Marco
[2025-03-20 14:26:28] Marco lancia il dado: 4
[2025-03-20 14:26:28] Marco si trova su una casella normale (index 18).
[2025-03-20 14:26:28] Tocca a Gio
[2025-03-20 14:26:30] Gio è bloccato. Turno saltato.
[2025-03-20 14:26:30] Tocca a Franco
[2025-03-20 14:26:32] Franco lancia il dado: 5
[2025-03-20 14:26:32] Franco si trova su una casella normale (index 19).
[2025-03-20 14:26:32] Franco ha vinto la partita!
[2025-03-20 14:27:05] Creati 1 giocatori.
[2025-03-20 14:27:05] Tocca a Franco
[2025-03-20 14:27:07] Franco lancia il dado: 6
[2025-03-20 14:27:07] Franco si trova su una casella normale (index 6).
[2025-03-20 14:27:07] Tocca a Franco
[2025-03-20 14:27:08] Franco lancia il dado: 3
[2025-03-20 14:27:08] Franco entra nella Locanda e rimane fermo 1 turno.
[2025-03-20 14:27:08] Tocca a Franco
[2025-03-20 14:27:10] Franco è bloccato. Turno saltato.
[2025-03-20 14:27:10] Tocca a Franco
[2025-03-20 14:27:12] Franco lancia il dado: 2
[2025-03-20 14:27:12] Franco si trova su una casella normale (index 11).
[2025-03-20 14:27:12] Tocca a Franco
[2025-03-20 14:27:14] Franco lancia il dado: 1
[2025-03-20 14:27:14] Franco entra nella Locanda e rimane fermo 1 turno.
[2025-03-20 14:27:14] Tocca a Franco
[2025-03-20 14:27:16] Franco è bloccato. Turno saltato.
[2025-03-20 14:27:16] Tocca a Franco
[2025-03-20 14:27:19] Franco lancia il dado: 3
[2025-03-20 14:27:19] Franco entra nella Locanda e rimane fermo 1 turno.
[2025-03-20 14:27:19] Tocca a Franco
[2025-03-20 14:27:20] Franco è bloccato. Turno saltato.
[2025-03-20 14:27:20] Tocca a Franco
[2025-03-20 14:27:22] Franco lancia il dado: 6
[2025-03-20 14:27:22] Franco atterra su TrisSquare e sfida Franco a Tris!
[2025-03-20 14:27:22] Franco ha vinto a Tris contro Franco. Scambio posizioni.
[2025-03-20 14:27:22] Tocca a Franco
[2025-03-20 14:27:25] Franco lancia il dado: 5
[2025-03-20 14:27:25] Franco si trova su una casella normale (index 16).
[2025-03-20 14:27:25] Tocca a Franco
[2025-03-20 14:27:28] Franco lancia il dado: 1
[2025-03-20 14:27:28] Franco atterra su TrisSquare e sfida Franco a Tris!
[2025-03-20 14:27:28] Tris finisce in pareggio. Nessun cambio di posizione.
[2025-03-20 14:27:28] Tocca a Franco
[2025-03-20 14:27:29] Franco lancia il dado: 2
[2025-03-20 14:27:29] Franco si trova su una casella normale (index 19).
[2025-03-20 14:27:29] Franco ha vinto la partita!
